Using pre-set license
Built from '2021.2/staging' branch; Version is '2021.2.0b7 (f7def5121c60) revision 16244469'; Using compiler version '192829333'; Build Type 'Release'
OS: 'Windows 10 Pro; OS build 19043.1165; Version 2009; 64bit' Language: 'ko' Physical Memory: 16326 MB
BatchMode: 1, IsHumanControllingUs: 0, StartBugReporterOnCrash: 0, Is64bit: 1, IsPro: 0

COMMAND LINE ARGUMENTS:
C:\Program Files\Unity\Hub\Editor\2021.2.0b7\Editor\Unity.exe
-adb2
-batchMode
-noUpm
-name
AssetImportWorker0
-projectPath
C:/Users/admin/Documents/GitHub/BoatAttack/unitychan-crs-master
-logFile
Logs/AssetImportWorker0.log
-srvPort
8742
Successfully changed project path to: C:/Users/admin/Documents/GitHub/BoatAttack/unitychan-crs-master
C:/Users/admin/Documents/GitHub/BoatAttack/unitychan-crs-master
[UnityMemory] Configuration Parameters - Can be set up in boot.config
    "memorysetup-bucket-allocator-granularity=16"
    "memorysetup-bucket-allocator-bucket-count=8"
    "memorysetup-bucket-allocator-block-size=33554432"
    "memorysetup-bucket-allocator-block-count=8"
    "memorysetup-main-allocator-block-size=16777216"
    "memorysetup-thread-allocator-block-size=16777216"
    "memorysetup-gfx-main-allocator-block-size=16777216"
    "memorysetup-gfx-thread-allocator-block-size=16777216"
    "memorysetup-cache-allocator-block-size=4194304"
    "memorysetup-typetree-allocator-block-size=2097152"
    "memorysetup-profiler-bucket-allocator-granularity=16"
    "memorysetup-profiler-bucket-allocator-bucket-count=8"
    "memorysetup-profiler-bucket-allocator-block-size=33554432"
    "memorysetup-profiler-bucket-allocator-block-count=8"
    "memorysetup-profiler-allocator-block-size=16777216"
    "memorysetup-profiler-editor-allocator-block-size=1048576"
    "memorysetup-temp-allocator-size-main=16777216"
    "memorysetup-job-temp-allocator-block-size=2097152"
    "memorysetup-job-temp-allocator-block-size-background=1048576"
    "memorysetup-job-temp-allocator-reduction-small-platforms=262144"
    "memorysetup-temp-allocator-size-background-worker=32768"
    "memorysetup-temp-allocator-size-job-worker=262144"
    "memorysetup-temp-allocator-size-preload-manager=33554432"
    "memorysetup-temp-allocator-size-nav-mesh-worker=65536"
    "memorysetup-temp-allocator-size-audio-worker=65536"
    "memorysetup-temp-allocator-size-cloud-worker=32768"
    "memorysetup-temp-allocator-size-gi-baking-worker=262144"
    "memorysetup-temp-allocator-size-gfx=262144"
Refreshing native plugins compatible for Editor in 62.38 ms, found 2 plugins.
Preloading 0 native plugins for Editor in 0.00 ms.
Initialize engine version: 2021.2.0b7 (f7def5121c60)
[Subsystems] Discovering subsystems at path C:/Program Files/Unity/Hub/Editor/2021.2.0b7/Editor/Data/Resources/UnitySubsystems
[Subsystems] Discovering subsystems at path C:/Users/admin/Documents/GitHub/BoatAttack/unitychan-crs-master/Assets
GfxDevice: creating device client; threaded=0; jobified=0
Direct3D:
    Version:  Direct3D 11.0 [level 11.1]
    Renderer: NVIDIA GeForce GTX 1660 (ID=0x2184)
    Vendor:   NVIDIA
    VRAM:     5991 MB
    Driver:   27.21.14.5751
Initialize mono
Mono path[0] = 'C:/Program Files/Unity/Hub/Editor/2021.2.0b7/Editor/Data/Managed'
Mono path[1] = 'C:/Program Files/Unity/Hub/Editor/2021.2.0b7/Editor/Data/MonoBleedingEdge/lib/mono/unityjit-win32'
Mono config path = 'C:/Program Files/Unity/Hub/Editor/2021.2.0b7/Editor/Data/MonoBleedingEdge/etc'
Using monoOptions --debugger-agent=transport=dt_socket,embedding=1,server=y,suspend=n,address=127.0.0.1:56088
Begin MonoManager ReloadAssembly
Registering precompiled unity dll's ...
Register platform support module: C:/Program Files/Unity/Hub/Editor/2021.2.0b7/Editor/Data/PlaybackEngines/WindowsStandaloneSupport/UnityEditor.WindowsStandalone.Extensions.dll
Registered in 0.011668 seconds.
Native extension for WindowsStandalone target not found
Refreshing native plugins compatible for Editor in 50.62 ms, found 2 plugins.
Preloading 0 native plugins for Editor in 0.00 ms.
Mono: successfully reloaded assembly
- Completed reload, in  1.115 seconds
Domain Reload Profiling:
	ReloadAssembly (1147ms)
		BeginReloadAssembly (92ms)
			ExecutionOrderSort (0ms)
			DisableScriptedObjects (0ms)
			BackupInstance (0ms)
			ReleaseScriptingObjects (0ms)
			CreateAndSetChildDomain (1ms)
		EndReloadAssembly (508ms)
			LoadAssemblies (88ms)
			RebuildTransferFunctionScriptingTraits (0ms)
			SetupTypeCache (186ms)
			ReleaseScriptCaches (0ms)
			RebuildScriptCaches (23ms)
			SetupLoadedEditorAssemblies (212ms)
				LogAssemblyErrors (0ms)
				InitializePlatformSupportModulesInManaged (8ms)
				SetLoadedEditorAssemblies (0ms)
				RefreshPlugins (51ms)
				BeforeProcessingInitializeOnLoad (1ms)
				ProcessInitializeOnLoadAttributes (100ms)
				ProcessInitializeOnLoadMethodAttributes (52ms)
				AfterProcessingInitializeOnLoad (0ms)
				EditorAssembliesLoaded (0ms)
			ExecutionOrderSort2 (0ms)
			AwakeInstancesAfterBackupRestoration (0ms)
Platform modules already initialized, skipping
Registering precompiled user dll's ...
Registered in 0.008310 seconds.
Begin MonoManager ReloadAssembly
Native extension for WindowsStandalone target not found
Refreshing native plugins compatible for Editor in 0.58 ms, found 2 plugins.
Preloading 0 native plugins for Editor in 0.00 ms.
Package Manager log level set to [2]
Mono: successfully reloaded assembly
- Completed reload, in  1.417 seconds
Domain Reload Profiling:
	ReloadAssembly (1476ms)
		BeginReloadAssembly (190ms)
			ExecutionOrderSort (0ms)
			DisableScriptedObjects (7ms)
			BackupInstance (0ms)
			ReleaseScriptingObjects (0ms)
			CreateAndSetChildDomain (22ms)
		EndReloadAssembly (1178ms)
			LoadAssemblies (93ms)
			RebuildTransferFunctionScriptingTraits (0ms)
			SetupTypeCache (334ms)
			ReleaseScriptCaches (0ms)
			RebuildScriptCaches (37ms)
			SetupLoadedEditorAssemblies (559ms)
				LogAssemblyErrors (0ms)
				InitializePlatformSupportModulesInManaged (13ms)
				SetLoadedEditorAssemblies (0ms)
				RefreshPlugins (1ms)
				BeforeProcessingInitializeOnLoad (77ms)
				ProcessInitializeOnLoadAttributes (356ms)
				ProcessInitializeOnLoadMethodAttributes (99ms)
				AfterProcessingInitializeOnLoad (13ms)
				EditorAssembliesLoaded (0ms)
			ExecutionOrderSort2 (0ms)
			AwakeInstancesAfterBackupRestoration (13ms)
Platform modules already initialized, skipping
========================================================================
Worker process is ready to serve import requests
Launched and connected shader compiler UnityShaderCompiler.exe after 0.08 seconds
Refreshing native plugins compatible for Editor in 0.56 ms, found 2 plugins.
Preloading 0 native plugins for Editor in 0.00 ms.
[WF][Version] VersionCheck Succeed, LatestVersion is 2021/08/28
UnityEngine.StackTraceUtility:ExtractStackTrace ()
UnityEngine.DebugLogHandler:LogFormat (UnityEngine.LogType,UnityEngine.Object,string,object[])
UnityEngine.Logger:LogFormat (UnityEngine.LogType,string,object[])
UnityEngine.Debug:LogFormat (string,object[])
UnlitWF.WF_VersionCheck/<Execute>d__4:MoveNext () (at Assets/Unlit_WF_ShaderSuite/Editor/WF_VersionCheck.cs:69)
UnityEngine.SetupCoroutine:InvokeMoveNext (System.Collections.IEnumerator,intptr)

(Filename: Assets/Unlit_WF_ShaderSuite/Editor/WF_VersionCheck.cs Line: 69)

Unloading 2254 Unused Serialized files (Serialized files now loaded: 0)
Unloading 101 unused Assets / (11.8 MB). Loaded Objects now: 2656.
Memory consumption went from 128.2 MB to 116.4 MB.
Total: 11.918600 ms (FindLiveObjects: 0.196400 ms CreateObjectMapping: 0.102400 ms MarkObjects: 5.425800 ms  DeleteObjects: 6.193200 ms)

AssetImportParameters requested are different than current active one (requested -> active):
  custom:framework-win-MediaFoundation: 216162199b28c13a410421893ffa2e32 -> 
  custom:video-decoder-ogg-theora: a1e56fd34408186e4bbccfd4996cb3dc -> 
  custom:container-muxer-webm: aa71ff27fc2769a1b78a27578f13a17b -> 
  custom:container-demuxer-webm: 4f35f7cbe854078d1ac9338744f61a02 -> 
  custom:video-encoder-webm-vp8: eb34c28f22e8b96e1ab97ce403110664 -> 
  custom:container-demuxer-ogg: 62fdf1f143b41e24485cea50d1cbac27 -> 
  custom:audio-decoder-ogg-vorbis: bf7c407c2cedff20999df2af8eb42d56 -> 
  custom:video-decoder-webm-vp8: 9c59270c3fd7afecdb556c50c9e8de78 -> 
  custom:audio-encoder-webm-vorbis: bf7c407c2cedff20999df2af8eb42d56 -> 
========================================================================
Received Import Request.
  Time since last request: 509467.791069 seconds.
  path: Assets/Scenes/PPSforCRS.asset
  artifactKey: Guid(53f63e4920d35ac4dbd19883d84c36d5) Importer(815301076,1909f56bfc062723c751e8b465ee728b)
Start importing Assets/Scenes/PPSforCRS.asset using Guid(53f63e4920d35ac4dbd19883d84c36d5) Importer(815301076,1909f56bfc062723c751e8b465ee728b)  -> (artifact id: 'b965866b2482f014c78cae0d4fdfba64') in 0.063790 seconds 
========================================================================
Received Import Request.
  Time since last request: 0.000017 seconds.
  path: Assets/Scenes/WaitingRoom.unity
  artifactKey: Guid(03c18d5e8b32446e2b7e053abaa81c7e) Importer(815301076,1909f56bfc062723c751e8b465ee728b)
Start importing Assets/Scenes/WaitingRoom.unity using Guid(03c18d5e8b32446e2b7e053abaa81c7e) Importer(815301076,1909f56bfc062723c751e8b465ee728b)  -> (artifact id: 'be92e2c67af08a8b324300b3a8a72542') in 0.005697 seconds 
========================================================================
Received Import Request.
  Time since last request: 0.000019 seconds.
  path: Assets/Scenes/PPSforWaitingRoom.asset
  artifactKey: Guid(46172e13d1973964e84f91103e8283af) Importer(815301076,1909f56bfc062723c751e8b465ee728b)
Start importing Assets/Scenes/PPSforWaitingRoom.asset using Guid(46172e13d1973964e84f91103e8283af) Importer(815301076,1909f56bfc062723c751e8b465ee728b)  -> (artifact id: '51773a42486e928f66d0f7b91eb30190') in 0.009544 seconds 
========================================================================
Received Import Request.
  Time since last request: 0.000019 seconds.
  path: Assets/Scenes/Main.unity
  artifactKey: Guid(eac708282bd3644f08ee300328f7e486) Importer(815301076,1909f56bfc062723c751e8b465ee728b)
Start importing Assets/Scenes/Main.unity using Guid(eac708282bd3644f08ee300328f7e486) Importer(815301076,1909f56bfc062723c751e8b465ee728b)  -> (artifact id: 'c237e391a3fdac5cf489a7da6c43e02a') in 0.005976 seconds 
========================================================================
Received Prepare
Registering precompiled user dll's ...
Registered in 0.020540 seconds.
Begin MonoManager ReloadAssembly
Native extension for WindowsStandalone target not found
Refreshing native plugins compatible for Editor in 1.03 ms, found 2 plugins.
Preloading 0 native plugins for Editor in 0.00 ms.
Mono: successfully reloaded assembly
- Completed reload, in  8.537 seconds
Domain Reload Profiling:
	ReloadAssembly (8643ms)
		BeginReloadAssembly (538ms)
			ExecutionOrderSort (0ms)
			DisableScriptedObjects (14ms)
			BackupInstance (0ms)
			ReleaseScriptingObjects (0ms)
			CreateAndSetChildDomain (69ms)
		EndReloadAssembly (7663ms)
			LoadAssemblies (438ms)
			RebuildTransferFunctionScriptingTraits (0ms)
			SetupTypeCache (695ms)
			ReleaseScriptCaches (3ms)
			RebuildScriptCaches (76ms)
			SetupLoadedEditorAssemblies (6081ms)
				LogAssemblyErrors (0ms)
				InitializePlatformSupportModulesInManaged (453ms)
				SetLoadedEditorAssemblies (1ms)
				RefreshPlugins (1ms)
				BeforeProcessingInitializeOnLoad (3235ms)
				ProcessInitializeOnLoadAttributes (2075ms)
				ProcessInitializeOnLoadMethodAttributes (267ms)
				AfterProcessingInitializeOnLoad (48ms)
				EditorAssembliesLoaded (0ms)
			ExecutionOrderSort2 (0ms)
			AwakeInstancesAfterBackupRestoration (50ms)
Platform modules already initialized, skipping
Refreshing native plugins compatible for Editor in 0.73 ms, found 2 plugins.
Preloading 0 native plugins for Editor in 0.00 ms.
[WF][Version] VersionCheck Succeed, LatestVersion is 2021/08/28
UnityEngine.StackTraceUtility:ExtractStackTrace ()
UnityEngine.DebugLogHandler:LogFormat (UnityEngine.LogType,UnityEngine.Object,string,object[])
UnityEngine.Logger:LogFormat (UnityEngine.LogType,string,object[])
UnityEngine.Debug:LogFormat (string,object[])
UnlitWF.WF_VersionCheck/<Execute>d__4:MoveNext () (at Assets/Unlit_WF_ShaderSuite/Editor/WF_VersionCheck.cs:69)
UnityEngine.SetupCoroutine:InvokeMoveNext (System.Collections.IEnumerator,intptr)

(Filename: Assets/Unlit_WF_ShaderSuite/Editor/WF_VersionCheck.cs Line: 69)

Unloading 2194 Unused Serialized files (Serialized files now loaded: 0)
Unloading 92 unused Assets / (11.8 MB). Loaded Objects now: 2663.
Memory consumption went from 122.7 MB to 110.9 MB.
Total: 34.899900 ms (FindLiveObjects: 0.571900 ms CreateObjectMapping: 1.217700 ms MarkObjects: 24.889000 ms  DeleteObjects: 8.220100 ms)

AssetImportParameters requested are different than current active one (requested -> active):
  custom:framework-win-MediaFoundation: 216162199b28c13a410421893ffa2e32 -> 
  custom:video-decoder-ogg-theora: a1e56fd34408186e4bbccfd4996cb3dc -> 
  custom:container-muxer-webm: aa71ff27fc2769a1b78a27578f13a17b -> 
  custom:container-demuxer-webm: 4f35f7cbe854078d1ac9338744f61a02 -> 
  custom:video-encoder-webm-vp8: eb34c28f22e8b96e1ab97ce403110664 -> 
  custom:container-demuxer-ogg: 62fdf1f143b41e24485cea50d1cbac27 -> 
  custom:audio-decoder-ogg-vorbis: bf7c407c2cedff20999df2af8eb42d56 -> 
  custom:video-decoder-webm-vp8: 9c59270c3fd7afecdb556c50c9e8de78 -> 
  custom:audio-encoder-webm-vorbis: bf7c407c2cedff20999df2af8eb42d56 -> 
========================================================================
Received Prepare
Registering precompiled user dll's ...
Registered in 0.007509 seconds.
Begin MonoManager ReloadAssembly
Native extension for WindowsStandalone target not found
Refreshing native plugins compatible for Editor in 0.61 ms, found 2 plugins.
Preloading 0 native plugins for Editor in 0.00 ms.
Mono: successfully reloaded assembly
- Completed reload, in  1.334 seconds
Domain Reload Profiling:
	ReloadAssembly (1381ms)
		BeginReloadAssembly (150ms)
			ExecutionOrderSort (0ms)
			DisableScriptedObjects (6ms)
			BackupInstance (0ms)
			ReleaseScriptingObjects (0ms)
			CreateAndSetChildDomain (36ms)
		EndReloadAssembly (1125ms)
			LoadAssemblies (99ms)
			RebuildTransferFunctionScriptingTraits (0ms)
			SetupTypeCache (316ms)
			ReleaseScriptCaches (1ms)
			RebuildScriptCaches (30ms)
			SetupLoadedEditorAssemblies (525ms)
				LogAssemblyErrors (0ms)
				InitializePlatformSupportModulesInManaged (14ms)
				SetLoadedEditorAssemblies (0ms)
				RefreshPlugins (1ms)
				BeforeProcessingInitializeOnLoad (69ms)
				ProcessInitializeOnLoadAttributes (335ms)
				ProcessInitializeOnLoadMethodAttributes (92ms)
				AfterProcessingInitializeOnLoad (13ms)
				EditorAssembliesLoaded (0ms)
			ExecutionOrderSort2 (0ms)
			AwakeInstancesAfterBackupRestoration (13ms)
Platform modules already initialized, skipping
Refreshing native plugins compatible for Editor in 0.61 ms, found 2 plugins.
Preloading 0 native plugins for Editor in 0.00 ms.
[WF][Version] VersionCheck Succeed, LatestVersion is 2021/08/28
UnityEngine.StackTraceUtility:ExtractStackTrace ()
UnityEngine.DebugLogHandler:LogFormat (UnityEngine.LogType,UnityEngine.Object,string,object[])
UnityEngine.Logger:LogFormat (UnityEngine.LogType,string,object[])
UnityEngine.Debug:LogFormat (string,object[])
UnlitWF.WF_VersionCheck/<Execute>d__4:MoveNext () (at Assets/Unlit_WF_ShaderSuite/Editor/WF_VersionCheck.cs:69)
UnityEngine.SetupCoroutine:InvokeMoveNext (System.Collections.IEnumerator,intptr)

(Filename: Assets/Unlit_WF_ShaderSuite/Editor/WF_VersionCheck.cs Line: 69)

Unloading 2194 Unused Serialized files (Serialized files now loaded: 0)
Unloading 92 unused Assets / (11.8 MB). Loaded Objects now: 2670.
Memory consumption went from 122.7 MB to 110.9 MB.
Total: 13.066400 ms (FindLiveObjects: 0.197000 ms CreateObjectMapping: 0.102300 ms MarkObjects: 6.429400 ms  DeleteObjects: 6.336800 ms)

AssetImportParameters requested are different than current active one (requested -> active):
  custom:framework-win-MediaFoundation: 216162199b28c13a410421893ffa2e32 -> 
  custom:video-decoder-ogg-theora: a1e56fd34408186e4bbccfd4996cb3dc -> 
  custom:container-muxer-webm: aa71ff27fc2769a1b78a27578f13a17b -> 
  custom:container-demuxer-webm: 4f35f7cbe854078d1ac9338744f61a02 -> 
  custom:video-encoder-webm-vp8: eb34c28f22e8b96e1ab97ce403110664 -> 
  custom:container-demuxer-ogg: 62fdf1f143b41e24485cea50d1cbac27 -> 
  custom:audio-decoder-ogg-vorbis: bf7c407c2cedff20999df2af8eb42d56 -> 
  custom:video-decoder-webm-vp8: 9c59270c3fd7afecdb556c50c9e8de78 -> 
  custom:audio-encoder-webm-vorbis: bf7c407c2cedff20999df2af8eb42d56 -> 
========================================================================
Received Import Request.
  Time since last request: 124.497190 seconds.
  path: Assets/UnityChan/Animations/C86unitychan_002_SIM01_Final.fbx
  artifactKey: Guid(c3e95622502f40342a4c7eb48816689d) Importer(815301076,1909f56bfc062723c751e8b465ee728b)
Start importing Assets/UnityChan/Animations/C86unitychan_002_SIM01_Final.fbx using Guid(c3e95622502f40342a4c7eb48816689d) Importer(815301076,1909f56bfc062723c751e8b465ee728b)  -> (artifact id: '5692e793449f7333d46f360a044c71f9') in 0.266616 seconds 
========================================================================
Received Import Request.
  Time since last request: 0.000021 seconds.
  path: Assets/UniteInTheSky/Prefabs/MusicPlayer (simple).prefab
  artifactKey: Guid(23bf113e497bc40608e6ed5624ebc82d) Importer(815301076,1909f56bfc062723c751e8b465ee728b)
Start importing Assets/UniteInTheSky/Prefabs/MusicPlayer (simple).prefab using Guid(23bf113e497bc40608e6ed5624ebc82d) Importer(815301076,1909f56bfc062723c751e8b465ee728b)  -> (artifact id: '109729fcba6bffc931d16c70eda17235') in 0.013131 seconds 
========================================================================
Received Import Request.
  Time since last request: 0.000027 seconds.
  path: Assets/UnityChanStage/Models/stage.fbx
  artifactKey: Guid(125ea1286f1854b8995186c989203058) Importer(815301076,1909f56bfc062723c751e8b465ee728b)
Start importing Assets/UnityChanStage/Models/stage.fbx using Guid(125ea1286f1854b8995186c989203058) Importer(815301076,1909f56bfc062723c751e8b465ee728b)  -> (artifact id: 'eba267dd33baa8f5c41d516be60c4c29') in 0.556991 seconds 
========================================================================
Received Import Request.
  Time since last request: 0.000017 seconds.
  path: Assets/UnityChan/CandyRockStar/CandyRockStar.fbx
  artifactKey: Guid(9405153ce3e46ed4aa0c2bf5c0776681) Importer(815301076,1909f56bfc062723c751e8b465ee728b)
Start importing Assets/UnityChan/CandyRockStar/CandyRockStar.fbx using Guid(9405153ce3e46ed4aa0c2bf5c0776681) Importer(815301076,1909f56bfc062723c751e8b465ee728b)  -> (artifact id: '744aff513c448ec4d8c53197a58aac81') in 0.370343 seconds 
========================================================================
Received Import Request.
  Time since last request: 0.000022 seconds.
  path: Assets/UniteInTheSky/Prefabs/MusicPlayer.prefab
  artifactKey: Guid(2b9a716c1d31d45a5b906738bd5ee33e) Importer(815301076,1909f56bfc062723c751e8b465ee728b)
Start importing Assets/UniteInTheSky/Prefabs/MusicPlayer.prefab using Guid(2b9a716c1d31d45a5b906738bd5ee33e) Importer(815301076,1909f56bfc062723c751e8b465ee728b)  -> (artifact id: '5bbb45d4187a7c5f084dd927b8ddd656') in 0.008894 seconds 
========================================================================
Received Import Request.
  Time since last request: 0.000017 seconds.
  path: Assets/UnityChanStage/Effects/Confetti/Confetti.fbx
  artifactKey: Guid(3eb3d03fa365045b8aaba79a806388f2) Importer(815301076,1909f56bfc062723c751e8b465ee728b)
Start importing Assets/UnityChanStage/Effects/Confetti/Confetti.fbx using Guid(3eb3d03fa365045b8aaba79a806388f2) Importer(815301076,1909f56bfc062723c751e8b465ee728b)  -> (artifact id: '9956e0e42897a23a08526aa10b1ca3bf') in 0.121630 seconds 
========================================================================
Received Import Request.
  Time since last request: 0.000015 seconds.
  path: Assets/UnityChanStage/Prefabs/Confetti.prefab
  artifactKey: Guid(db5cc803f9eaf4239ae82229a11bd471) Importer(815301076,1909f56bfc062723c751e8b465ee728b)
Start importing Assets/UnityChanStage/Prefabs/Confetti.prefab using Guid(db5cc803f9eaf4239ae82229a11bd471) Importer(815301076,1909f56bfc062723c751e8b465ee728b)  -> (artifact id: '42190cf2c09b1c65494f13e3513c1bf6') in 0.008058 seconds 
========================================================================
Received Import Request.
  Time since last request: 0.000016 seconds.
  path: Assets/UnityChanStage/Effects/Spray/Particles.fbx
  artifactKey: Guid(51ae9ddd94f9f4060885944ddecb3519) Importer(815301076,1909f56bfc062723c751e8b465ee728b)
Start importing Assets/UnityChanStage/Effects/Spray/Particles.fbx using Guid(51ae9ddd94f9f4060885944ddecb3519) Importer(815301076,1909f56bfc062723c751e8b465ee728b)  -> (artifact id: '26c0cdea92e1273f9ff59cd8a090a5c1') in 0.098271 seconds 
========================================================================
Received Import Request.
  Time since last request: 0.000017 seconds.
  path: Assets/UniteInTheSky/Animation/LipSync.FBX
  artifactKey: Guid(c336f8615ffd84788997bd68d0ce0a69) Importer(815301076,1909f56bfc062723c751e8b465ee728b)
Start importing Assets/UniteInTheSky/Animation/LipSync.FBX using Guid(c336f8615ffd84788997bd68d0ce0a69) Importer(815301076,1909f56bfc062723c751e8b465ee728b)  -> (artifact id: '234d9c7fb241553a664d33d4148da91b') in 0.019164 seconds 
========================================================================
Received Import Request.
  Time since last request: 0.000022 seconds.
  path: Assets/UnityChanStage/Prefabs/Visualizer.prefab
  artifactKey: Guid(0291ac2d4e1e54df6bfa4776e3683a24) Importer(815301076,1909f56bfc062723c751e8b465ee728b)
Start importing Assets/UnityChanStage/Prefabs/Visualizer.prefab using Guid(0291ac2d4e1e54df6bfa4776e3683a24) Importer(815301076,1909f56bfc062723c751e8b465ee728b)  -> (artifact id: '142b0e71db52ffdfc33a24eb314cfbbe') in 0.026973 seconds 
========================================================================
Received Import Request.
  Time since last request: 0.000016 seconds.
  path: Assets/Tomarudo/HatsuneMikuNT/HatsuneMikuNT_CandyRockStar.prefab
  artifactKey: Guid(f799b82aab220aa49a3f894f9ab10d28) Importer(815301076,1909f56bfc062723c751e8b465ee728b)
Start importing Assets/Tomarudo/HatsuneMikuNT/HatsuneMikuNT_CandyRockStar.prefab using Guid(f799b82aab220aa49a3f894f9ab10d28) Importer(815301076,1909f56bfc062723c751e8b465ee728b)  -> (artifact id: 'deaf2682db091eeb87670df4cfd2487d') in 1.078528 seconds 
========================================================================
Received Import Request.
  Time since last request: 0.000028 seconds.
  path: Assets/UnityChan/Animations/C86unitychan_001_SAK01_Final.fbx
  artifactKey: Guid(f641e8088d5972b468c9fe5457cc077e) Importer(815301076,1909f56bfc062723c751e8b465ee728b)
Start importing Assets/UnityChan/Animations/C86unitychan_001_SAK01_Final.fbx using Guid(f641e8088d5972b468c9fe5457cc077e) Importer(815301076,1909f56bfc062723c751e8b465ee728b)  -> (artifact id: '30058379774e944c78684139801245bb') in 0.209545 seconds 
========================================================================
Received Import Request.
  Time since last request: 0.000021 seconds.
  path: Assets/UniteInTheSky/Prefabs/MusicPlayer (short).prefab
  artifactKey: Guid(93e84e42ceea44b87bea296130f2ec88) Importer(815301076,1909f56bfc062723c751e8b465ee728b)
Start importing Assets/UniteInTheSky/Prefabs/MusicPlayer (short).prefab using Guid(93e84e42ceea44b87bea296130f2ec88) Importer(815301076,1909f56bfc062723c751e8b465ee728b)  -> (artifact id: '2116ffbdfddbca9938efe6e4c1d8280a') in 0.011197 seconds 
========================================================================
Received Import Request.
  Time since last request: 0.000018 seconds.
  path: Assets/UniteInTheSky/Prefabs/LipSyncController.prefab
  artifactKey: Guid(6f8c40c56b04d4982ae56eadeeb099fb) Importer(815301076,1909f56bfc062723c751e8b465ee728b)
Start importing Assets/UniteInTheSky/Prefabs/LipSyncController.prefab using Guid(6f8c40c56b04d4982ae56eadeeb099fb) Importer(815301076,1909f56bfc062723c751e8b465ee728b)  -> (artifact id: 'a9af0385f07c87799a74740bec646ce1') in 0.008901 seconds 
========================================================================
Received Import Request.
  Time since last request: 0.000015 seconds.
  path: Assets/UnityChanStage/Effects/Light Beam/Light Beam.fbx
  artifactKey: Guid(1c69ac149c94945a8badf4aa68db967d) Importer(815301076,1909f56bfc062723c751e8b465ee728b)
Start importing Assets/UnityChanStage/Effects/Light Beam/Light Beam.fbx using Guid(1c69ac149c94945a8badf4aa68db967d) Importer(815301076,1909f56bfc062723c751e8b465ee728b)  -> (artifact id: 'dbe8832e85a1ab2acb1773a6c6c27e43') in 0.017376 seconds 
========================================================================
Received Import Request.
  Time since last request: 0.000017 seconds.
  path: Assets/UnityChanStage/Models/floor01.fbx
  artifactKey: Guid(ff9717e8e359947ffb8f8cfb33ecfb68) Importer(815301076,1909f56bfc062723c751e8b465ee728b)
Start importing Assets/UnityChanStage/Models/floor01.fbx using Guid(ff9717e8e359947ffb8f8cfb33ecfb68) Importer(815301076,1909f56bfc062723c751e8b465ee728b)  -> (artifact id: '9a3f3a5ce9f9097794a0b646b7339587') in 0.019528 seconds 
========================================================================
Received Import Request.
  Time since last request: 0.000015 seconds.
  path: Assets/UnityChanStage/Effects/Laser/Laser.prefab
  artifactKey: Guid(b0b43cb6155744bb1a6b854ca76f7d66) Importer(815301076,1909f56bfc062723c751e8b465ee728b)
Start importing Assets/UnityChanStage/Effects/Laser/Laser.prefab using Guid(b0b43cb6155744bb1a6b854ca76f7d66) Importer(815301076,1909f56bfc062723c751e8b465ee728b)  -> (artifact id: 'a9a03129ab102a0103377093b8d5f5d6') in 0.019248 seconds 
========================================================================
Received Import Request.
  Time since last request: 0.000014 seconds.
  path: Assets/UnityChan/Prefabs/LookPos.prefab
  artifactKey: Guid(6d5bff5837eca402492a89073b17c2e6) Importer(815301076,1909f56bfc062723c751e8b465ee728b)
Start importing Assets/UnityChan/Prefabs/LookPos.prefab using Guid(6d5bff5837eca402492a89073b17c2e6) Importer(815301076,1909f56bfc062723c751e8b465ee728b)  -> (artifact id: '20d80bb8e8b4cdb46ae3724bde75335f') in 0.008079 seconds 
========================================================================
Received Import Request.
  Time since last request: 0.000016 seconds.
  path: Assets/UniteInTheSky/Prefabs/MusicPlayer (simple, short).prefab
  artifactKey: Guid(39bd86fbfd582460b93cc1a020b2cf87) Importer(815301076,1909f56bfc062723c751e8b465ee728b)
Start importing Assets/UniteInTheSky/Prefabs/MusicPlayer (simple, short).prefab using Guid(39bd86fbfd582460b93cc1a020b2cf87) Importer(815301076,1909f56bfc062723c751e8b465ee728b)  -> (artifact id: '7eb25a51aecfd74b054435e599d84dfb') in 0.008862 seconds 
========================================================================
Received Import Request.
  Time since last request: 0.000016 seconds.
  path: Assets/UnityChanStage/Models/spotlight.fbx
  artifactKey: Guid(3a1957df589f44366bd27357a99b7c71) Importer(815301076,1909f56bfc062723c751e8b465ee728b)
Start importing Assets/UnityChanStage/Models/spotlight.fbx using Guid(3a1957df589f44366bd27357a99b7c71) Importer(815301076,1909f56bfc062723c751e8b465ee728b)  -> (artifact id: '0a05fc5813a0938772320810e5a82c7f') in 0.019986 seconds 
========================================================================
Received Import Request.
  Time since last request: 0.000016 seconds.
  path: Assets/UnityChanStage/Models/tree.fbx
  artifactKey: Guid(732328ccaa37348f7bc058533c05875b) Importer(815301076,1909f56bfc062723c751e8b465ee728b)
Start importing Assets/UnityChanStage/Models/tree.fbx using Guid(732328ccaa37348f7bc058533c05875b) Importer(815301076,1909f56bfc062723c751e8b465ee728b)  -> (artifact id: '2c699928df3c4bdaf70f8ba00eba1788') in 0.031030 seconds 
========================================================================
Received Import Request.
  Time since last request: 0.000015 seconds.
  path: Assets/WaitingRoom/Main Camera.prefab
  artifactKey: Guid(c5a508748593a40fd9493629be5f67c3) Importer(815301076,1909f56bfc062723c751e8b465ee728b)
Start importing Assets/WaitingRoom/Main Camera.prefab using Guid(c5a508748593a40fd9493629be5f67c3) Importer(815301076,1909f56bfc062723c751e8b465ee728b)  -> (artifact id: '207197f190b0883ad7cb01a30e2cc1bb') in 0.019631 seconds 
========================================================================
Received Import Request.
  Time since last request: 0.000014 seconds.
  path: Assets/UnityChanStage/Models/glowsign01.fbx
  artifactKey: Guid(3273446ac5c574354847b6253c68b45b) Importer(815301076,1909f56bfc062723c751e8b465ee728b)
Start importing Assets/UnityChanStage/Models/glowsign01.fbx using Guid(3273446ac5c574354847b6253c68b45b) Importer(815301076,1909f56bfc062723c751e8b465ee728b)  -> (artifact id: 'cda6f7413aa7e2daee432245589e7936') in 0.070539 seconds 
========================================================================
Received Import Request.
  Time since last request: 0.000017 seconds.
  path: Assets/UnityChan/Animations/C86unitychan_003_NOT01_Final.fbx
  artifactKey: Guid(4a5d2d624a65daa4a9c8cf5164951049) Importer(815301076,1909f56bfc062723c751e8b465ee728b)
Start importing Assets/UnityChan/Animations/C86unitychan_003_NOT01_Final.fbx using Guid(4a5d2d624a65daa4a9c8cf5164951049) Importer(815301076,1909f56bfc062723c751e8b465ee728b)  -> (artifact id: 'a6bef67333d55dec98bbd9e6996a8cbe') in 0.194628 seconds 
========================================================================
Received Import Request.
  Time since last request: 0.000023 seconds.
  path: Assets/UnityChanStage/Prefabs/Back Screen Camera Rig.prefab
  artifactKey: Guid(f468251a01e8242df8066e377619a712) Importer(815301076,1909f56bfc062723c751e8b465ee728b)
Start importing Assets/UnityChanStage/Prefabs/Back Screen Camera Rig.prefab using Guid(f468251a01e8242df8066e377619a712) Importer(815301076,1909f56bfc062723c751e8b465ee728b)  -> (artifact id: '8fb4a90b7f1533c2ca43d8e42c506df9') in 0.009316 seconds 
========================================================================
Received Import Request.
  Time since last request: 0.000014 seconds.
  path: Assets/UnityChan/Prefabs/CharacterLight.prefab
  artifactKey: Guid(c70aff9297e6d4e9fa6e82c0038ded02) Importer(815301076,1909f56bfc062723c751e8b465ee728b)
Start importing Assets/UnityChan/Prefabs/CharacterLight.prefab using Guid(c70aff9297e6d4e9fa6e82c0038ded02) Importer(815301076,1909f56bfc062723c751e8b465ee728b)  -> (artifact id: 'd7dc3f71fcf289450cd9dfd311c871f0') in 0.007856 seconds 
========================================================================
Received Import Request.
  Time since last request: 0.000016 seconds.
  path: Assets/UnityChanStage/Prefabs/Back Screen.prefab
  artifactKey: Guid(0329b91dd79424babb86c8dbc3919134) Importer(815301076,1909f56bfc062723c751e8b465ee728b)
Start importing Assets/UnityChanStage/Prefabs/Back Screen.prefab using Guid(0329b91dd79424babb86c8dbc3919134) Importer(815301076,1909f56bfc062723c751e8b465ee728b)  -> (artifact id: 'd25e9fb4fe1582443d9caf45635aaa5c') in 0.013477 seconds 
========================================================================
Received Import Request.
  Time since last request: 0.000015 seconds.
  path: Assets/UnityChanStage/Models/ribbon.fbx
  artifactKey: Guid(cefbf5d57be7a4e8f90f70b5eaf2f0f1) Importer(815301076,1909f56bfc062723c751e8b465ee728b)
Start importing Assets/UnityChanStage/Models/ribbon.fbx using Guid(cefbf5d57be7a4e8f90f70b5eaf2f0f1) Importer(815301076,1909f56bfc062723c751e8b465ee728b)  -> (artifact id: 'e9b1fc0444a9ec7d313f8004a5584867') in 0.017952 seconds 
========================================================================
Received Import Request.
  Time since last request: 0.000015 seconds.
  path: Assets/UnityChanStage/Prefabs/Stage.prefab
  artifactKey: Guid(c2455b87c898eb646a195c31546b1481) Importer(815301076,1909f56bfc062723c751e8b465ee728b)
Start importing Assets/UnityChanStage/Prefabs/Stage.prefab using Guid(c2455b87c898eb646a195c31546b1481) Importer(815301076,1909f56bfc062723c751e8b465ee728b)  -> (artifact id: 'd008c3bfe9a670be92d11b804c7abdd4') in 0.098916 seconds 
========================================================================
Received Import Request.
  Time since last request: 0.000016 seconds.
  path: Assets/UnityChanStage/Prefabs/Background.prefab
  artifactKey: Guid(f1efd132732334185ad79bc7263913ec) Importer(815301076,1909f56bfc062723c751e8b465ee728b)
Start importing Assets/UnityChanStage/Prefabs/Background.prefab using Guid(f1efd132732334185ad79bc7263913ec) Importer(815301076,1909f56bfc062723c751e8b465ee728b)  -> (artifact id: '20ea8d42de8e3a40f9e6994f50733a47') in 0.014655 seconds 
========================================================================
Received Import Request.
  Time since last request: 0.000014 seconds.
  path: Assets/Tomarudo/HatsuneMikuNT/HatsuneMikuNT.prefab
  artifactKey: Guid(740597e7089a21d45a1319a929d4a6fd) Importer(815301076,1909f56bfc062723c751e8b465ee728b)
Start importing Assets/Tomarudo/HatsuneMikuNT/HatsuneMikuNT.prefab using Guid(740597e7089a21d45a1319a929d4a6fd) Importer(815301076,1909f56bfc062723c751e8b465ee728b)  -> (artifact id: 'f2fdeae17dc034fc1e4a0e27254d2793') in 0.084247 seconds 
========================================================================
Received Import Request.
  Time since last request: 0.000019 seconds.
  path: Assets/UnityChanStage/Models/backscreen.fbx
  artifactKey: Guid(213d1812aaac44742936ce12d90a6d0e) Importer(815301076,1909f56bfc062723c751e8b465ee728b)
Start importing Assets/UnityChanStage/Models/backscreen.fbx using Guid(213d1812aaac44742936ce12d90a6d0e) Importer(815301076,1909f56bfc062723c751e8b465ee728b)  -> (artifact id: '1e4030e96c2d1ba3f1cd66e5bd798378') in 0.017677 seconds 
========================================================================
Received Import Request.
  Time since last request: 0.000020 seconds.
  path: Assets/UnityChanStage/Effects/Laser/Laser.FBX
  artifactKey: Guid(a781cecdb1e8145c3afcb43f4bcb646d) Importer(815301076,1909f56bfc062723c751e8b465ee728b)
Start importing Assets/UnityChanStage/Effects/Laser/Laser.FBX using Guid(a781cecdb1e8145c3afcb43f4bcb646d) Importer(815301076,1909f56bfc062723c751e8b465ee728b)  -> (artifact id: 'f19bb6a8946c4e1d7a888c37c6e6b879') in 0.135698 seconds 
========================================================================
Received Import Request.
  Time since last request: 0.000015 seconds.
  path: Assets/UnityChanStage/Camera/Camera Positions.FBX
  artifactKey: Guid(e980c8941053f4e35909b6162a75e1a7) Importer(815301076,1909f56bfc062723c751e8b465ee728b)
Start importing Assets/UnityChanStage/Camera/Camera Positions.FBX using Guid(e980c8941053f4e35909b6162a75e1a7) Importer(815301076,1909f56bfc062723c751e8b465ee728b)  -> (artifact id: 'ff97b9f018845802ce1695a7ddd7ecb9') in 0.010699 seconds 
========================================================================
Received Import Request.
  Time since last request: 0.000016 seconds.
  path: Assets/UnityChanStage/Models/speaker.fbx
  artifactKey: Guid(05bd06da149b74a6c84b1bf886394128) Importer(815301076,1909f56bfc062723c751e8b465ee728b)
Start importing Assets/UnityChanStage/Models/speaker.fbx using Guid(05bd06da149b74a6c84b1bf886394128) Importer(815301076,1909f56bfc062723c751e8b465ee728b)  -> (artifact id: '4f10f45a1c9081f7dfae543adba70a83') in 0.021704 seconds 
========================================================================
Received Import Request.
  Time since last request: 0.000016 seconds.
  path: Assets/UnityChanStage/Prefabs/Confetti (light).prefab
  artifactKey: Guid(8165622c8f7a44ea4ac0e2b486fe2da0) Importer(815301076,1909f56bfc062723c751e8b465ee728b)
Start importing Assets/UnityChanStage/Prefabs/Confetti (light).prefab using Guid(8165622c8f7a44ea4ac0e2b486fe2da0) Importer(815301076,1909f56bfc062723c751e8b465ee728b)  -> (artifact id: 'c3a3f7fa9a1f72b5cc5aaa607d576759') in 0.009007 seconds 
========================================================================
Received Import Request.
  Time since last request: 0.000017 seconds.
  path: Assets/UnityChanStage/Prefabs/Main Camera Rig.prefab
  artifactKey: Guid(0f58e0fe394b24ed58b332f76fa9c423) Importer(815301076,1909f56bfc062723c751e8b465ee728b)
Start importing Assets/UnityChanStage/Prefabs/Main Camera Rig.prefab using Guid(0f58e0fe394b24ed58b332f76fa9c423) Importer(815301076,1909f56bfc062723c751e8b465ee728b)  -> (artifact id: 'ac4f2e93ac5814516e940c2c94a57671') in 0.015587 seconds 
========================================================================
Received Import Request.
  Time since last request: 0.000018 seconds.
  path: Assets/Tomarudo/HatsuneMikuNT/FBX/HatsuneMikuNT.fbx
  artifactKey: Guid(9c07cd4e1ef6a2a49a1c212c15237ef8) Importer(815301076,1909f56bfc062723c751e8b465ee728b)
Start importing Assets/Tomarudo/HatsuneMikuNT/FBX/HatsuneMikuNT.fbx using Guid(9c07cd4e1ef6a2a49a1c212c15237ef8) Importer(815301076,1909f56bfc062723c751e8b465ee728b)  -> (artifact id: '933a23d19835f6c81e7c48dddf54b90c') in 0.084792 seconds 
========================================================================
Received Import Request.
  Time since last request: 0.000021 seconds.
  path: Assets/UnityChan/Prefabs/CandyRockStar.prefab
  artifactKey: Guid(44374dd563c03d64aaff55a08495dd9f) Importer(815301076,1909f56bfc062723c751e8b465ee728b)
Start importing Assets/UnityChan/Prefabs/CandyRockStar.prefab using Guid(44374dd563c03d64aaff55a08495dd9f) Importer(815301076,1909f56bfc062723c751e8b465ee728b)  -> (artifact id: '490822a3841b4c82eb6b50463bb2026f') in 0.722275 seconds 
========================================================================
Received Import Request.
  Time since last request: 0.000026 seconds.
  path: Assets/UnityChan/Animations/Hand_expression.fbx
  artifactKey: Guid(289ec39a719278c40aa93fbab246b828) Importer(815301076,1909f56bfc062723c751e8b465ee728b)
Start importing Assets/UnityChan/Animations/Hand_expression.fbx using Guid(289ec39a719278c40aa93fbab246b828) Importer(815301076,1909f56bfc062723c751e8b465ee728b)  -> (artifact id: '55afcce0fecb3b1bd74c26179292e8c4') in 0.101583 seconds 
========================================================================
Received Import Request.
  Time since last request: 0.000022 seconds.
  path: Assets/UnityChanStage/Effects/Ring Fx/Ring Fx.FBX
  artifactKey: Guid(8f2956552bc23405eac135b8c3bf7f69) Importer(815301076,1909f56bfc062723c751e8b465ee728b)
Start importing Assets/UnityChanStage/Effects/Ring Fx/Ring Fx.FBX using Guid(8f2956552bc23405eac135b8c3bf7f69) Importer(815301076,1909f56bfc062723c751e8b465ee728b)  -> (artifact id: '59c8b399948497b7e95200828f3234aa') in 0.071999 seconds 
========================================================================
Received Import Request.
  Time since last request: 0.000015 seconds.
  path: Assets/UnityChanStage/Models/unitylogo.fbx
  artifactKey: Guid(33dbd33d8ae94483dbc63486632b227f) Importer(815301076,1909f56bfc062723c751e8b465ee728b)
Start importing Assets/UnityChanStage/Models/unitylogo.fbx using Guid(33dbd33d8ae94483dbc63486632b227f) Importer(815301076,1909f56bfc062723c751e8b465ee728b)  -> (artifact id: 'b30206d5d421573030ff2bbf41b5f7d0') in 0.019236 seconds 
========================================================================
Received Prepare
Registering precompiled user dll's ...
Registered in 0.008194 seconds.
Begin MonoManager ReloadAssembly
Native extension for WindowsStandalone target not found
Refreshing native plugins compatible for Editor in 0.62 ms, found 2 plugins.
Preloading 0 native plugins for Editor in 0.00 ms.
Mono: successfully reloaded assembly
- Completed reload, in  1.281 seconds
Domain Reload Profiling:
	ReloadAssembly (1328ms)
		BeginReloadAssembly (146ms)
			ExecutionOrderSort (0ms)
			DisableScriptedObjects (6ms)
			BackupInstance (0ms)
			ReleaseScriptingObjects (0ms)
			CreateAndSetChildDomain (38ms)
		EndReloadAssembly (1078ms)
			LoadAssemblies (94ms)
			RebuildTransferFunctionScriptingTraits (0ms)
			SetupTypeCache (300ms)
			ReleaseScriptCaches (1ms)
			RebuildScriptCaches (30ms)
			SetupLoadedEditorAssemblies (506ms)
				LogAssemblyErrors (0ms)
				InitializePlatformSupportModulesInManaged (13ms)
				SetLoadedEditorAssemblies (0ms)
				RefreshPlugins (1ms)
				BeforeProcessingInitializeOnLoad (63ms)
				ProcessInitializeOnLoadAttributes (323ms)
				ProcessInitializeOnLoadMethodAttributes (93ms)
				AfterProcessingInitializeOnLoad (13ms)
				EditorAssembliesLoaded (0ms)
			ExecutionOrderSort2 (0ms)
			AwakeInstancesAfterBackupRestoration (13ms)
Platform modules already initialized, skipping
Refreshing native plugins compatible for Editor in 0.61 ms, found 2 plugins.
Preloading 0 native plugins for Editor in 0.00 ms.
[WF][Version] VersionCheck Succeed, LatestVersion is 2021/08/28
UnityEngine.StackTraceUtility:ExtractStackTrace ()
UnityEngine.DebugLogHandler:LogFormat (UnityEngine.LogType,UnityEngine.Object,string,object[])
UnityEngine.Logger:LogFormat (UnityEngine.LogType,string,object[])
UnityEngine.Debug:LogFormat (string,object[])
UnlitWF.WF_VersionCheck/<Execute>d__4:MoveNext () (at Assets/Unlit_WF_ShaderSuite/Editor/WF_VersionCheck.cs:69)
UnityEngine.SetupCoroutine:InvokeMoveNext (System.Collections.IEnumerator,intptr)

(Filename: Assets/Unlit_WF_ShaderSuite/Editor/WF_VersionCheck.cs Line: 69)

Unloading 2194 Unused Serialized files (Serialized files now loaded: 0)
Unloading 88 unused Assets / (10.5 MB). Loaded Objects now: 2726.
Memory consumption went from 128.4 MB to 117.9 MB.
Total: 11.017000 ms (FindLiveObjects: 0.203100 ms CreateObjectMapping: 0.111100 ms MarkObjects: 5.371700 ms  DeleteObjects: 5.330000 ms)

AssetImportParameters requested are different than current active one (requested -> active):
  custom:framework-win-MediaFoundation: 216162199b28c13a410421893ffa2e32 -> 
  custom:video-decoder-ogg-theora: a1e56fd34408186e4bbccfd4996cb3dc -> 
  custom:container-muxer-webm: aa71ff27fc2769a1b78a27578f13a17b -> 
  custom:container-demuxer-webm: 4f35f7cbe854078d1ac9338744f61a02 -> 
  custom:video-encoder-webm-vp8: eb34c28f22e8b96e1ab97ce403110664 -> 
  custom:container-demuxer-ogg: 62fdf1f143b41e24485cea50d1cbac27 -> 
  custom:audio-decoder-ogg-vorbis: bf7c407c2cedff20999df2af8eb42d56 -> 
  custom:video-decoder-webm-vp8: 9c59270c3fd7afecdb556c50c9e8de78 -> 
  custom:audio-encoder-webm-vorbis: bf7c407c2cedff20999df2af8eb42d56 -> 
========================================================================
Received Import Request.
  Time since last request: 43.541609 seconds.
  path: Assets/Scenes/Character Setup.unity
  artifactKey: Guid(29d1661e5efc142b59bb9878e634269a) Importer(815301076,1909f56bfc062723c751e8b465ee728b)
Start importing Assets/Scenes/Character Setup.unity using Guid(29d1661e5efc142b59bb9878e634269a) Importer(815301076,1909f56bfc062723c751e8b465ee728b)  -> (artifact id: 'a9634da10e608673024667dc9df7e22d') in 0.016102 seconds 
========================================================================
Received Import Request.
  Time since last request: 5.563252 seconds.
  path: Assets/Scenes/DanceMake.unity
  artifactKey: Guid(8c2fa733f0178db489d0dc13f3211d78) Importer(815301076,1909f56bfc062723c751e8b465ee728b)
Start importing Assets/Scenes/DanceMake.unity using Guid(8c2fa733f0178db489d0dc13f3211d78) Importer(815301076,1909f56bfc062723c751e8b465ee728b)  -> (artifact id: '26c55154629e3a892212df652dbf1cf9') in 0.006078 seconds 
========================================================================
Received Prepare
Registering precompiled user dll's ...
Registered in 0.008757 seconds.
Begin MonoManager ReloadAssembly
Native extension for WindowsStandalone target not found
Refreshing native plugins compatible for Editor in 0.59 ms, found 2 plugins.
Preloading 0 native plugins for Editor in 0.00 ms.
Mono: successfully reloaded assembly
- Completed reload, in  1.320 seconds
Domain Reload Profiling:
	ReloadAssembly (1368ms)
		BeginReloadAssembly (155ms)
			ExecutionOrderSort (0ms)
			DisableScriptedObjects (7ms)
			BackupInstance (0ms)
			ReleaseScriptingObjects (0ms)
			CreateAndSetChildDomain (41ms)
		EndReloadAssembly (1098ms)
			LoadAssemblies (105ms)
			RebuildTransferFunctionScriptingTraits (0ms)
			SetupTypeCache (306ms)
			ReleaseScriptCaches (1ms)
			RebuildScriptCaches (30ms)
			SetupLoadedEditorAssemblies (516ms)
				LogAssemblyErrors (0ms)
				InitializePlatformSupportModulesInManaged (13ms)
				SetLoadedEditorAssemblies (0ms)
				RefreshPlugins (1ms)
				BeforeProcessingInitializeOnLoad (63ms)
				ProcessInitializeOnLoadAttributes (329ms)
				ProcessInitializeOnLoadMethodAttributes (98ms)
				AfterProcessingInitializeOnLoad (12ms)
				EditorAssembliesLoaded (0ms)
			ExecutionOrderSort2 (0ms)
			AwakeInstancesAfterBackupRestoration (13ms)
Platform modules already initialized, skipping
Refreshing native plugins compatible for Editor in 0.61 ms, found 2 plugins.
Preloading 0 native plugins for Editor in 0.00 ms.
[WF][Version] VersionCheck Succeed, LatestVersion is 2021/08/28
UnityEngine.StackTraceUtility:ExtractStackTrace ()
UnityEngine.DebugLogHandler:LogFormat (UnityEngine.LogType,UnityEngine.Object,string,object[])
UnityEngine.Logger:LogFormat (UnityEngine.LogType,string,object[])
UnityEngine.Debug:LogFormat (string,object[])
UnlitWF.WF_VersionCheck/<Execute>d__4:MoveNext () (at Assets/Unlit_WF_ShaderSuite/Editor/WF_VersionCheck.cs:69)
UnityEngine.SetupCoroutine:InvokeMoveNext (System.Collections.IEnumerator,intptr)

(Filename: Assets/Unlit_WF_ShaderSuite/Editor/WF_VersionCheck.cs Line: 69)

Unloading 2190 Unused Serialized files (Serialized files now loaded: 0)
Unloading 88 unused Assets / (10.5 MB). Loaded Objects now: 2733.
Memory consumption went from 128.1 MB to 117.5 MB.
Total: 11.960500 ms (FindLiveObjects: 0.201800 ms CreateObjectMapping: 0.108200 ms MarkObjects: 6.234200 ms  DeleteObjects: 5.415400 ms)

AssetImportParameters requested are different than current active one (requested -> active):
  custom:framework-win-MediaFoundation: 216162199b28c13a410421893ffa2e32 -> 
  custom:video-decoder-ogg-theora: a1e56fd34408186e4bbccfd4996cb3dc -> 
  custom:container-muxer-webm: aa71ff27fc2769a1b78a27578f13a17b -> 
  custom:container-demuxer-webm: 4f35f7cbe854078d1ac9338744f61a02 -> 
  custom:video-encoder-webm-vp8: eb34c28f22e8b96e1ab97ce403110664 -> 
  custom:container-demuxer-ogg: 62fdf1f143b41e24485cea50d1cbac27 -> 
  custom:audio-decoder-ogg-vorbis: bf7c407c2cedff20999df2af8eb42d56 -> 
  custom:video-decoder-webm-vp8: 9c59270c3fd7afecdb556c50c9e8de78 -> 
  custom:audio-encoder-webm-vorbis: bf7c407c2cedff20999df2af8eb42d56 -> 
========================================================================
Received Import Request.
  Time since last request: 149.722597 seconds.
  path: Assets/UniteInTheSky/Unite In The Sky (full).mp3
  artifactKey: Guid(52021b8d615c74750b2df74afb897b09) Importer(815301076,1909f56bfc062723c751e8b465ee728b)
Start importing Assets/UniteInTheSky/Unite In The Sky (full).mp3 using Guid(52021b8d615c74750b2df74afb897b09) Importer(815301076,1909f56bfc062723c751e8b465ee728b)  -> (artifact id: '5f3eefcda269e80c6274ff0ed19be72b') in 0.077883 seconds 
========================================================================
Received Import Request.
  Time since last request: 0.000014 seconds.
  path: Assets/UniteInTheSky/Unite In The Sky (short).mp3
  artifactKey: Guid(5c5755c1198b5446395567d99e2759de) Importer(815301076,1909f56bfc062723c751e8b465ee728b)
Start importing Assets/UniteInTheSky/Unite In The Sky (short).mp3 using Guid(5c5755c1198b5446395567d99e2759de) Importer(815301076,1909f56bfc062723c751e8b465ee728b)  -> (artifact id: '80fb1631c8b341c198530b8e2e5215ec') in 0.011662 seconds 
========================================================================
Received Prepare
Registering precompiled user dll's ...
Registered in 0.006953 seconds.
Begin MonoManager ReloadAssembly
Native extension for WindowsStandalone target not found
Refreshing native plugins compatible for Editor in 0.64 ms, found 2 plugins.
Preloading 0 native plugins for Editor in 0.00 ms.
Mono: successfully reloaded assembly
- Completed reload, in  1.267 seconds
Domain Reload Profiling:
	ReloadAssembly (1313ms)
		BeginReloadAssembly (146ms)
			ExecutionOrderSort (0ms)
			DisableScriptedObjects (6ms)
			BackupInstance (0ms)
			ReleaseScriptingObjects (0ms)
			CreateAndSetChildDomain (41ms)
		EndReloadAssembly (1064ms)
			LoadAssemblies (91ms)
			RebuildTransferFunctionScriptingTraits (0ms)
			SetupTypeCache (297ms)
			ReleaseScriptCaches (1ms)
			RebuildScriptCaches (29ms)
			SetupLoadedEditorAssemblies (505ms)
				LogAssemblyErrors (0ms)
				InitializePlatformSupportModulesInManaged (15ms)
				SetLoadedEditorAssemblies (0ms)
				RefreshPlugins (1ms)
				BeforeProcessingInitializeOnLoad (62ms)
				ProcessInitializeOnLoadAttributes (320ms)
				ProcessInitializeOnLoadMethodAttributes (95ms)
				AfterProcessingInitializeOnLoad (11ms)
				EditorAssembliesLoaded (0ms)
			ExecutionOrderSort2 (0ms)
			AwakeInstancesAfterBackupRestoration (13ms)
Platform modules already initialized, skipping
Refreshing native plugins compatible for Editor in 0.61 ms, found 2 plugins.
Preloading 0 native plugins for Editor in 0.00 ms.
[WF][Version] VersionCheck Succeed, LatestVersion is 2021/08/28
UnityEngine.StackTraceUtility:ExtractStackTrace ()
UnityEngine.DebugLogHandler:LogFormat (UnityEngine.LogType,UnityEngine.Object,string,object[])
UnityEngine.Logger:LogFormat (UnityEngine.LogType,string,object[])
UnityEngine.Debug:LogFormat (string,object[])
UnlitWF.WF_VersionCheck/<Execute>d__4:MoveNext () (at Assets/Unlit_WF_ShaderSuite/Editor/WF_VersionCheck.cs:69)
UnityEngine.SetupCoroutine:InvokeMoveNext (System.Collections.IEnumerator,intptr)

(Filename: Assets/Unlit_WF_ShaderSuite/Editor/WF_VersionCheck.cs Line: 69)

Unloading 2190 Unused Serialized files (Serialized files now loaded: 0)
Unloading 88 unused Assets / (10.5 MB). Loaded Objects now: 2742.
Memory consumption went from 128.0 MB to 117.5 MB.
Total: 13.974800 ms (FindLiveObjects: 0.198300 ms CreateObjectMapping: 0.104400 ms MarkObjects: 6.297500 ms  DeleteObjects: 7.373800 ms)

AssetImportParameters requested are different than current active one (requested -> active):
  custom:framework-win-MediaFoundation: 216162199b28c13a410421893ffa2e32 -> 
  custom:video-decoder-ogg-theora: a1e56fd34408186e4bbccfd4996cb3dc -> 
  custom:container-muxer-webm: aa71ff27fc2769a1b78a27578f13a17b -> 
  custom:container-demuxer-webm: 4f35f7cbe854078d1ac9338744f61a02 -> 
  custom:video-encoder-webm-vp8: eb34c28f22e8b96e1ab97ce403110664 -> 
  custom:container-demuxer-ogg: 62fdf1f143b41e24485cea50d1cbac27 -> 
  custom:audio-decoder-ogg-vorbis: bf7c407c2cedff20999df2af8eb42d56 -> 
  custom:video-decoder-webm-vp8: 9c59270c3fd7afecdb556c50c9e8de78 -> 
  custom:audio-encoder-webm-vorbis: bf7c407c2cedff20999df2af8eb42d56 -> 
========================================================================
Received Import Request.
  Time since last request: 146.937794 seconds.
  path: Assets/Tomarudo/HatsuneMikuNT/HatsuneMikuNT_CandyRockStar.prefab
  artifactKey: Guid(f799b82aab220aa49a3f894f9ab10d28) Importer(815301076,1909f56bfc062723c751e8b465ee728b)
Start importing Assets/Tomarudo/HatsuneMikuNT/HatsuneMikuNT_CandyRockStar.prefab using Guid(f799b82aab220aa49a3f894f9ab10d28) Importer(815301076,1909f56bfc062723c751e8b465ee728b)  -> (artifact id: '1dd87ea88b7f73c346ca10fb40d513e0') in 0.912327 seconds 
========================================================================
Received Import Request.
  Time since last request: 1.714072 seconds.
  path: Assets/Tomarudo/HatsuneMikuNT/HatsuneMikuNT.prefab
  artifactKey: Guid(740597e7089a21d45a1319a929d4a6fd) Importer(815301076,1909f56bfc062723c751e8b465ee728b)
Start importing Assets/Tomarudo/HatsuneMikuNT/HatsuneMikuNT.prefab using Guid(740597e7089a21d45a1319a929d4a6fd) Importer(815301076,1909f56bfc062723c751e8b465ee728b)  -> (artifact id: '3051cde3cb1223e60abbbf6883d5ab96') in 0.062148 seconds 
========================================================================
Received Import Request.
  Time since last request: 0.000019 seconds.
  path: Assets/Tomarudo/HatsuneMikuNT/HatsuneMikuNT_CandyRockStar.prefab
  artifactKey: Guid(f799b82aab220aa49a3f894f9ab10d28) Importer(815301076,1909f56bfc062723c751e8b465ee728b)
Start importing Assets/Tomarudo/HatsuneMikuNT/HatsuneMikuNT_CandyRockStar.prefab using Guid(f799b82aab220aa49a3f894f9ab10d28) Importer(815301076,1909f56bfc062723c751e8b465ee728b)  -> (artifact id: '79140b7850bc691674e1f9641043b050') in 0.769866 seconds 
========================================================================
Received Prepare
Registering precompiled user dll's ...
Registered in 0.007218 seconds.
Begin MonoManager ReloadAssembly
Native extension for WindowsStandalone target not found
Refreshing native plugins compatible for Editor in 0.60 ms, found 2 plugins.
Preloading 0 native plugins for Editor in 0.00 ms.
Mono: successfully reloaded assembly
- Completed reload, in  1.263 seconds
Domain Reload Profiling:
	ReloadAssembly (1309ms)
		BeginReloadAssembly (147ms)
			ExecutionOrderSort (0ms)
			DisableScriptedObjects (6ms)
			BackupInstance (0ms)
			ReleaseScriptingObjects (0ms)
			CreateAndSetChildDomain (37ms)
		EndReloadAssembly (1062ms)
			LoadAssemblies (92ms)
			RebuildTransferFunctionScriptingTraits (0ms)
			SetupTypeCache (295ms)
			ReleaseScriptCaches (1ms)
			RebuildScriptCaches (29ms)
			SetupLoadedEditorAssemblies (498ms)
				LogAssemblyErrors (0ms)
				InitializePlatformSupportModulesInManaged (13ms)
				SetLoadedEditorAssemblies (0ms)
				RefreshPlugins (1ms)
				BeforeProcessingInitializeOnLoad (59ms)
				ProcessInitializeOnLoadAttributes (322ms)
				ProcessInitializeOnLoadMethodAttributes (91ms)
				AfterProcessingInitializeOnLoad (12ms)
				EditorAssembliesLoaded (0ms)
			ExecutionOrderSort2 (0ms)
			AwakeInstancesAfterBackupRestoration (13ms)
Platform modules already initialized, skipping
Refreshing native plugins compatible for Editor in 0.60 ms, found 2 plugins.
Preloading 0 native plugins for Editor in 0.00 ms.
[WF][Version] VersionCheck Succeed, LatestVersion is 2021/08/28
UnityEngine.StackTraceUtility:ExtractStackTrace ()
UnityEngine.DebugLogHandler:LogFormat (UnityEngine.LogType,UnityEngine.Object,string,object[])
UnityEngine.Logger:LogFormat (UnityEngine.LogType,string,object[])
UnityEngine.Debug:LogFormat (string,object[])
UnlitWF.WF_VersionCheck/<Execute>d__4:MoveNext () (at Assets/Unlit_WF_ShaderSuite/Editor/WF_VersionCheck.cs:69)
UnityEngine.SetupCoroutine:InvokeMoveNext (System.Collections.IEnumerator,intptr)

(Filename: Assets/Unlit_WF_ShaderSuite/Editor/WF_VersionCheck.cs Line: 69)

Unloading 2190 Unused Serialized files (Serialized files now loaded: 0)
Unloading 88 unused Assets / (10.5 MB). Loaded Objects now: 2749.
Memory consumption went from 128.3 MB to 117.8 MB.
Total: 11.656700 ms (FindLiveObjects: 0.195100 ms CreateObjectMapping: 0.099700 ms MarkObjects: 5.513000 ms  DeleteObjects: 5.848000 ms)

AssetImportParameters requested are different than current active one (requested -> active):
  custom:framework-win-MediaFoundation: 216162199b28c13a410421893ffa2e32 -> 
  custom:video-decoder-ogg-theora: a1e56fd34408186e4bbccfd4996cb3dc -> 
  custom:container-muxer-webm: aa71ff27fc2769a1b78a27578f13a17b -> 
  custom:container-demuxer-webm: 4f35f7cbe854078d1ac9338744f61a02 -> 
  custom:video-encoder-webm-vp8: eb34c28f22e8b96e1ab97ce403110664 -> 
  custom:container-demuxer-ogg: 62fdf1f143b41e24485cea50d1cbac27 -> 
  custom:audio-decoder-ogg-vorbis: bf7c407c2cedff20999df2af8eb42d56 -> 
  custom:video-decoder-webm-vp8: 9c59270c3fd7afecdb556c50c9e8de78 -> 
  custom:audio-encoder-webm-vorbis: bf7c407c2cedff20999df2af8eb42d56 -> 
========================================================================
Received Import Request.
  Time since last request: 93.156140 seconds.
  path: Assets/Tomarudo/HatsuneMikuNT/HatsuneMikuNT.prefab
  artifactKey: Guid(740597e7089a21d45a1319a929d4a6fd) Importer(815301076,1909f56bfc062723c751e8b465ee728b)
Start importing Assets/Tomarudo/HatsuneMikuNT/HatsuneMikuNT.prefab using Guid(740597e7089a21d45a1319a929d4a6fd) Importer(815301076,1909f56bfc062723c751e8b465ee728b)  -> (artifact id: '47581bdc83292c977f769cfc94869a96') in 0.135116 seconds 
========================================================================
Received Import Request.
  Time since last request: 0.000018 seconds.
  path: Assets/Tomarudo/HatsuneMikuNT/HatsuneMikuNT_CandyRockStar.prefab
  artifactKey: Guid(f799b82aab220aa49a3f894f9ab10d28) Importer(815301076,1909f56bfc062723c751e8b465ee728b)
Start importing Assets/Tomarudo/HatsuneMikuNT/HatsuneMikuNT_CandyRockStar.prefab using Guid(f799b82aab220aa49a3f894f9ab10d28) Importer(815301076,1909f56bfc062723c751e8b465ee728b)  -> (artifact id: 'd344bf5c5c7527e061443357b85643a5') in 0.759421 seconds 
